<?xml version='1.0' encoding='UTF-8'?>
<testsuite hostname="sureshs-MacBook-Pro" name="io.sure360.HttpServerISpec" tests="2" errors="0" failures="0" skipped="0" time="2.122" timestamp="2022-10-11T11:12:44">
          <properties>
[...]
</properties>
          <testcase classname="io.sure360.HttpServerISpec" name="Http server should create a customer" time="2.04">
                      
                    </testcase><testcase classname="io.sure360.HttpServerISpec" name="Http server should return a single customer" time="0.082">
                      
                    </testcase>
          <system-out><![CDATA[]]></system-out>
          <system-err><![CDATA[]]></system-err>
        </testsuite>